<?xml version="1.0" encoding="UTF-8"?>
<!-- Generated by org.testng.reporters.JUnitReportReporter -->
<testsuite hostname="LAPTOP-7J9801KA" failures="0" tests="1" name="API_Test.Get_Book" time="2.752" errors="0" timestamp="2021-10-03T18:30:27 IST" skipped="0">
  <testcase classname="API_Test.Get_Book" name="getbook_details" time="2.752"/>
  <system-out/>
</testsuite> <!-- API_Test.Get_Book -->
