<?xml version="1.0" encoding="UTF-8"?>
<!-- Generated by org.testng.reporters.JUnitReportReporter -->
<testsuite hostname="LAPTOP-7J9801KA" failures="0" tests="2" name="API_Test.Get_Book" time="3.012" errors="0" timestamp="2021-10-06T19:49:16 IST" skipped="0">
  <testcase classname="API_Test.Get_Book" name="getbook_details" time="2.343"/>
  <system-out/>
  <testcase classname="API_Test.Get_Book" name="postbookdetails" time="0.669"/>
  <system-out/>
</testsuite> <!-- API_Test.Get_Book -->
